nim_demo/demo/build/outputs/logs/manifest-merger-debug-report.txt
-- Merging decision tree log ---
manifest
ADDED from nim_demo\demo\AndroidManifest.xml:2:1-465:12
	package
		ADDED from nim_demo\demo\AndroidManifest.xml:3:5-35
	android:versionName
		ADDED from nim_demo\demo\AndroidManifest.xml:6:5-32
		INJECTED from nim_demo\demo\AndroidManifest.xml
		INJECTED from nim_demo\demo\AndroidManifest.xml
	android:versionCode
		ADDED from nim_demo\demo\AndroidManifest.xml:5:5-29
		INJECTED from nim_demo\demo\AndroidManifest.xml
		INJECTED from nim_demo\demo\AndroidManifest.xml
	xmlns:android
		ADDED from nim_demo\demo\AndroidManifest.xml:2:11-69
	android:installLocation
		ADDED from nim_demo\demo\AndroidManifest.xml:4:5-35
uses-permission#android.permission.ACCESS_NETWORK_STATE
ADDED from nim_demo\demo\AndroidManifest.xml:9:5-78
	android:name
		ADDED from nim_demo\demo\AndroidManifest.xml:9:22-76
uses-permission#android.permission.CHANGE_WIFI_STATE
ADDED from nim_demo\demo\AndroidManifest.xml:10:5-75
	android:name
		ADDED from nim_demo\demo\AndroidManifest.xml:10:22-73
uses-permission#android.permission.RECEIVE_BOOT_COMPLETED
ADDED from nim_demo\demo\AndroidManifest.xml:11:5-80
	android:name
		ADDED from nim_demo\demo\AndroidManifest.xml:11:22-78
uses-permission#android.permission.BLUETOOTH
ADDED from nim_demo\demo\AndroidManifest.xml:13:5-67
	android:name
		ADDED from nim_demo\demo\AndroidManifest.xml:13:22-65
uses-permission#android.permission.BLUETOOTH_ADMIN
ADDED from nim_demo\demo\AndroidManifest.xml:14:5-73
	android:name
		ADDED from nim_demo\demo\AndroidManifest.xml:14:22-71
uses-permission#android.permission.SYSTEM_ALERT_WINDOW
ADDED from nim_demo\demo\AndroidManifest.xml:17:5-77
	android:name
		ADDED from nim_demo\demo\AndroidManifest.xml:17:22-75
uses-permission#getui.permission.GetuiService.com.netease.nim.demo
ADDED from nim_demo\demo\AndroidManifest.xml:19:5-89
	android:name
		ADDED from nim_demo\demo\AndroidManifest.xml:19:22-87
permission#getui.permission.GetuiService.com.netease.nim.demo
ADDED from nim_demo\demo\AndroidManifest.xml:20:5-23:18
	android:protectionLevel
		ADDED from nim_demo\demo\AndroidManifest.xml:22:9-41
	android:name
		ADDED from nim_demo\demo\AndroidManifest.xml:21:9-74
uses-permission#android.permission.INTERNET
ADDED from nim_demo\demo\AndroidManifest.xml:27:5-67
	android:name
		ADDED from nim_demo\demo\AndroidManifest.xml:27:22-64
uses-permission#android.permission.ACCESS_WIFI_STATE
ADDED from nim_demo\demo\AndroidManifest.xml:29:5-76
	android:name
		ADDED from nim_demo\demo\AndroidManifest.xml:29:22-73
uses-permission#android.permission.ACCESS_FINE_LOCATION
ADDED from nim_demo\demo\AndroidManifest.xml:31:5-79
	android:name
		ADDED from nim_demo\demo\AndroidManifest.xml:31:22-76
uses-permission#android.permission.ACCESS_COARSE_LOCATION
ADDED from nim_demo\demo\AndroidManifest.xml:32:5-81
	android:name
		ADDED from nim_demo\demo\AndroidManifest.xml:32:22-78
uses-permission#android.permission.WRITE_SETTINGS
ADDED from nim_demo\demo\AndroidManifest.xml:33:5-73
	android:name
		ADDED from nim_demo\demo\AndroidManifest.xml:33:22-70
uses-permission#android.permission.GET_TASKS
ADDED from nim_demo\demo\AndroidManifest.xml:36:5-68
	android:name
		ADDED from nim_demo\demo\AndroidManifest.xml:36:22-65
uses-permission#android.permission.FLASHLIGHT
ADDED from nim_demo\demo\AndroidManifest.xml:37:5-69
	android:name
		ADDED from nim_demo\demo\AndroidManifest.xml:37:22-66
uses-permission#android.permission.VIBRATE
ADDED from nim_demo\demo\AndroidManifest.xml:38:5-66
	android:name
		ADDED from nim_demo\demo\AndroidManifest.xml:38:22-63
uses-permission#android.permission.WAKE_LOCK
ADDED from nim_demo\demo\AndroidManifest.xml:39:5-68
	android:name
		ADDED from nim_demo\demo\AndroidManifest.xml:39:22-65
uses-permission#android.permission.CHANGE_CONFIGURATION
ADDED from nim_demo\demo\AndroidManifest.xml:42:5-79
	android:name
		ADDED from nim_demo\demo\AndroidManifest.xml:42:22-76
uses-permission#android.permission.MODIFY_AUDIO_SETTINGS
ADDED from nim_demo\demo\AndroidManifest.xml:43:5-80
	android:name
		ADDED from nim_demo\demo\AndroidManifest.xml:43:22-77
uses-permission#android.permission.READ_EXTERNAL_STORAGE
ADDED from nim_demo\demo\AndroidManifest.xml:46:5-80
	android:name
		ADDED from nim_demo\demo\AndroidManifest.xml:46:22-77
uses-permission#android.permission.WRITE_EXTERNAL_STORAGE
ADDED from nim_demo\demo\AndroidManifest.xml:47:5-81
	android:name
		ADDED from nim_demo\demo\AndroidManifest.xml:47:22-78
uses-permission#android.permission.CAMERA
ADDED from nim_demo\demo\AndroidManifest.xml:50:5-65
	android:name
		ADDED from nim_demo\demo\AndroidManifest.xml:50:22-62
uses-permission#android.permission.RECORD_AUDIO
ADDED from nim_demo\demo\AndroidManifest.xml:51:5-71
	android:name
		ADDED from nim_demo\demo\AndroidManifest.xml:51:22-68
uses-permission#android.permission.READ_PHONE_STATE
ADDED from nim_demo\demo\AndroidManifest.xml:52:5-75
	android:name
		ADDED from nim_demo\demo\AndroidManifest.xml:52:22-72
permission#com.netease.nim.demo.permission.RECEIVE_MSG
ADDED from nim_demo\demo\AndroidManifest.xml:56:5-58:47
	android:protectionLevel
		ADDED from nim_demo\demo\AndroidManifest.xml:58:9-44
	android:name
		ADDED from nim_demo\demo\AndroidManifest.xml:57:9-67
uses-permission#com.netease.nim.demo.permission.RECEIVE_MSG
ADDED from nim_demo\demo\AndroidManifest.xml:61:5-83
	android:name
		ADDED from nim_demo\demo\AndroidManifest.xml:61:22-80
application
ADDED from nim_demo\demo\AndroidManifest.xml:63:5-463:19
MERGED from [nim_demo:uikit:unspecified] AndroidManifest.xml:9:5-137:19
MERGED from [com.android.support:appcompat-v7:23.3.0] AndroidManifest.xml:25:5-20
MERGED from [com.android.support:support-vector-drawable:23.3.0] AndroidManifest.xml:7:5-20
MERGED from [com.android.support:support-v4:23.3.0] AndroidManifest.xml:22:5-20
MERGED from [com.android.support:animated-vector-drawable:23.3.0] AndroidManifest.xml:7:5-20
MERGED from [com.android.support:support-vector-drawable:23.3.0] AndroidManifest.xml:7:5-20
MERGED from [com.android.support:support-v4:23.3.0] AndroidManifest.xml:22:5-20
MERGED from [com.android.support:support-v4:23.3.0] AndroidManifest.xml:22:5-20
MERGED from [com.android.support:design:23.3.0] AndroidManifest.xml:22:5-20
MERGED from [com.android.support:appcompat-v7:23.3.0] AndroidManifest.xml:25:5-20
MERGED from [com.android.support:support-vector-drawable:23.3.0] AndroidManifest.xml:7:5-20
MERGED from [com.android.support:support-v4:23.3.0] AndroidManifest.xml:22:5-20
MERGED from [com.android.support:animated-vector-drawable:23.3.0] AndroidManifest.xml:7:5-20
MERGED from [com.android.support:support-vector-drawable:23.3.0] AndroidManifest.xml:7:5-20
MERGED from [com.android.support:support-v4:23.3.0] AndroidManifest.xml:22:5-20
MERGED from [com.android.support:support-v4:23.3.0] AndroidManifest.xml:22:5-20
MERGED from [com.android.support:support-v4:23.3.0] AndroidManifest.xml:22:5-20
MERGED from [com.android.support:support-v4:23.3.0] AndroidManifest.xml:22:5-20
	android:label
		ADDED from nim_demo\demo\AndroidManifest.xml:67:9-41
	android:allowBackup
		ADDED from nim_demo\demo\AndroidManifest.xml:65:9-35
	android:icon
		ADDED from nim_demo\demo\AndroidManifest.xml:66:9-41
	android:theme
		ADDED from nim_demo\demo\AndroidManifest.xml:68:9-52
	android:name
		ADDED from nim_demo\demo\AndroidManifest.xml:64:9-39
meta-data#PUSH_APPID
ADDED from nim_demo\demo\AndroidManifest.xml:70:9-72:53
	android:value
		ADDED from nim_demo\demo\AndroidManifest.xml:72:13-51
	android:name
		ADDED from nim_demo\demo\AndroidManifest.xml:71:13-38
meta-data#PUSH_APPKEY
ADDED from nim_demo\demo\AndroidManifest.xml:73:9-75:53
	android:value
		ADDED from nim_demo\demo\AndroidManifest.xml:75:13-51
	android:name
		ADDED from nim_demo\demo\AndroidManifest.xml:74:13-39
meta-data#PUSH_APPSECRET
ADDED from nim_demo\demo\AndroidManifest.xml:76:9-78:53
	android:value
		ADDED from nim_demo\demo\AndroidManifest.xml:78:13-51
	android:name
		ADDED from nim_demo\demo\AndroidManifest.xml:77:13-42
receiver#com.android.samchat.receiver.PushReceiver
ADDED from nim_demo\demo\AndroidManifest.xml:80:9-86:20
	android:exported
		ADDED from nim_demo\demo\AndroidManifest.xml:82:13-37
	android:name
		ADDED from nim_demo\demo\AndroidManifest.xml:81:13-69
intent-filter#com.igexin.sdk.action.e56px9TMay6OJRDrwE21P9
ADDED from nim_demo\demo\AndroidManifest.xml:83:13-85:29
action#com.igexin.sdk.action.e56px9TMay6OJRDrwE21P9
ADDED from nim_demo\demo\AndroidManifest.xml:84:17-87
	android:name
		ADDED from nim_demo\demo\AndroidManifest.xml:84:25-84
service#com.igexin.sdk.PushService
ADDED from nim_demo\demo\AndroidManifest.xml:88:9-96:19
	android:process
		ADDED from nim_demo\demo\AndroidManifest.xml:92:13-43
	android:label
		ADDED from nim_demo\demo\AndroidManifest.xml:91:13-47
	android:exported
		ADDED from nim_demo\demo\AndroidManifest.xml:90:13-36
	android:name
		ADDED from nim_demo\demo\AndroidManifest.xml:89:13-54
intent-filter#com.igexin.sdk.action.service.message
ADDED from nim_demo\demo\AndroidManifest.xml:93:13-95:29
action#com.igexin.sdk.action.service.message
ADDED from nim_demo\demo\AndroidManifest.xml:94:17-79
	android:name
		ADDED from nim_demo\demo\AndroidManifest.xml:94:25-77
service#com.igexin.sdk.PushServiceUser
ADDED from nim_demo\demo\AndroidManifest.xml:97:9-100:53
	android:label
		ADDED from nim_demo\demo\AndroidManifest.xml:100:13-51
	android:exported
		ADDED from nim_demo\demo\AndroidManifest.xml:99:13-36
	android:name
		ADDED from nim_demo\demo\AndroidManifest.xml:98:13-58
receiver#com.igexin.sdk.PushReceiver
ADDED from nim_demo\demo\AndroidManifest.xml:101:9-112:20
	android:name
		ADDED from nim_demo\demo\AndroidManifest.xml:101:19-61
intent-filter#android.intent.action.ACTION_POWER_CONNECTED+android.intent.action.ACTION_POWER_DISCONNECTED+android.intent.action.BOOT_COMPLETED+android.intent.action.MEDIA_MOUNTED+android.intent.action.USER_PRESENT+android.net.conn.CONNECTIVITY_CHANGE+com.igexin.sdk.action.refreshls
ADDED from nim_demo\demo\AndroidManifest.xml:102:13-111:29
action#android.intent.action.BOOT_COMPLETED
ADDED from nim_demo\demo\AndroidManifest.xml:103:17-78
	android:name
		ADDED from nim_demo\demo\AndroidManifest.xml:103:25-76
action#android.net.conn.CONNECTIVITY_CHANGE
ADDED from nim_demo\demo\AndroidManifest.xml:104:17-78
	android:name
		ADDED from nim_demo\demo\AndroidManifest.xml:104:25-76
action#android.intent.action.USER_PRESENT
ADDED from nim_demo\demo\AndroidManifest.xml:105:17-76
	android:name
		ADDED from nim_demo\demo\AndroidManifest.xml:105:25-74
action#com.igexin.sdk.action.refreshls
ADDED from nim_demo\demo\AndroidManifest.xml:106:17-73
	android:name
		ADDED from nim_demo\demo\AndroidManifest.xml:106:25-71
action#android.intent.action.MEDIA_MOUNTED
ADDED from nim_demo\demo\AndroidManifest.xml:108:17-77
	android:name
		ADDED from nim_demo\demo\AndroidManifest.xml:108:25-75
action#android.intent.action.ACTION_POWER_CONNECTED
ADDED from nim_demo\demo\AndroidManifest.xml:109:17-86
	android:name
		ADDED from nim_demo\demo\AndroidManifest.xml:109:25-84
action#android.intent.action.ACTION_POWER_DISCONNECTED
ADDED from nim_demo\demo\AndroidManifest.xml:110:17-89
	android:name
		ADDED from nim_demo\demo\AndroidManifest.xml:110:25-87
receiver#com.igexin.sdk.PushManagerReceiver
ADDED from nim_demo\demo\AndroidManifest.xml:113:9-119:20
	android:exported
		ADDED from nim_demo\demo\AndroidManifest.xml:115:13-37
	android:name
		ADDED from nim_demo\demo\AndroidManifest.xml:114:13-62
intent-filter#com.igexin.sdk.action.pushmanager
ADDED from nim_demo\demo\AndroidManifest.xml:116:13-118:29
action#com.igexin.sdk.action.pushmanager
ADDED from nim_demo\demo\AndroidManifest.xml:117:17-75
	android:name
		ADDED from nim_demo\demo\AndroidManifest.xml:117:25-73
activity#com.igexin.sdk.PushActivity
ADDED from nim_demo\demo\AndroidManifest.xml:120:9-126:74
	android:process
		ADDED from nim_demo\demo\AndroidManifest.xml:124:13-43
	android:excludeFromRecents
		ADDED from nim_demo\demo\AndroidManifest.xml:122:13-46
	android:exported
		ADDED from nim_demo\demo\AndroidManifest.xml:123:13-37
	android:theme
		ADDED from nim_demo\demo\AndroidManifest.xml:126:13-72
	android:taskAffinity
		ADDED from nim_demo\demo\AndroidManifest.xml:125:13-67
	android:name
		ADDED from nim_demo\demo\AndroidManifest.xml:121:13-55
activity#com.igexin.sdk.GActivity
ADDED from nim_demo\demo\AndroidManifest.xml:127:9-133:74
	android:process
		ADDED from nim_demo\demo\AndroidManifest.xml:131:13-43
	android:excludeFromRecents
		ADDED from nim_demo\demo\AndroidManifest.xml:129:13-46
	android:exported
		ADDED from nim_demo\demo\AndroidManifest.xml:130:13-36
	android:theme
		ADDED from nim_demo\demo\AndroidManifest.xml:133:13-72
	android:taskAffinity
		ADDED from nim_demo\demo\AndroidManifest.xml:132:13-67
	android:name
		ADDED from nim_demo\demo\AndroidManifest.xml:128:13-52
service#com.igexin.download.DownloadService
ADDED from nim_demo\demo\AndroidManifest.xml:134:9-136:45
	android:process
		ADDED from nim_demo\demo\AndroidManifest.xml:136:13-43
	android:name
		ADDED from nim_demo\demo\AndroidManifest.xml:135:13-63
receiver#com.igexin.download.DownloadReceiver
ADDED from nim_demo\demo\AndroidManifest.xml:137:9-141:20
	android:name
		ADDED from nim_demo\demo\AndroidManifest.xml:137:19-70
intent-filter#android.net.conn.CONNECTIVITY_CHANGE
ADDED from nim_demo\demo\AndroidManifest.xml:138:13-140:29
provider#com.igexin.download.DownloadProvider
ADDED from nim_demo\demo\AndroidManifest.xml:142:9-146:45
	android:authorities
		ADDED from nim_demo\demo\AndroidManifest.xml:144:13-59
	android:process
		ADDED from nim_demo\demo\AndroidManifest.xml:146:13-43
	android:exported
		ADDED from nim_demo\demo\AndroidManifest.xml:145:13-36
	android:name
		ADDED from nim_demo\demo\AndroidManifest.xml:143:13-64
meta-data#com.amap.api.v2.apikey
ADDED from nim_demo\demo\AndroidManifest.xml:150:9-152:43
	android:value
		ADDED from nim_demo\demo\AndroidManifest.xml:152:13-40
		INJECTED from nim_demo\demo\AndroidManifest.xml
	android:name
		ADDED from nim_demo\demo\AndroidManifest.xml:151:13-50
meta-data#com.netease.nim.appKey
ADDED from nim_demo\demo\AndroidManifest.xml:154:9-156:55
	android:value
		ADDED from nim_demo\demo\AndroidManifest.xml:156:4-52
	android:name
		ADDED from nim_demo\demo\AndroidManifest.xml:155:13-50
uses-library#com.google.android.maps
ADDED from nim_demo\demo\AndroidManifest.xml:158:9-160:40
	android:required
		ADDED from nim_demo\demo\AndroidManifest.xml:160:13-37
	android:name
		ADDED from nim_demo\demo\AndroidManifest.xml:159:13-51
activity#com.netease.nim.demo.main.activity.WelcomeActivity
ADDED from nim_demo\demo\AndroidManifest.xml:163:9-178:20
	android:screenOrientation
		ADDED from nim_demo\demo\AndroidManifest.xml:169:13-49
	android:label
		ADDED from nim_demo\demo\AndroidManifest.xml:167:13-45
	android:hardwareAccelerated
		ADDED from nim_demo\demo\AndroidManifest.xml:166:13-47
	android:launchMode
		ADDED from nim_demo\demo\AndroidManifest.xml:168:13-43
	android:windowSoftInputMode
		ADDED from nim_demo\demo\AndroidManifest.xml:171:13-52
	android:configChanges
		ADDED from nim_demo\demo\AndroidManifest.xml:165:13-63
	android:theme
		ADDED from nim_demo\demo\AndroidManifest.xml:170:13-65
	android:name
		ADDED from nim_demo\demo\AndroidManifest.xml:164:13-58
intent-filter#android.intent.action.MAIN+android.intent.category.LAUNCHER+android.intent.category.MULTIWINDOW_LAUNCHER
ADDED from nim_demo\demo\AndroidManifest.xml:172:13-177:29
action#android.intent.action.MAIN
ADDED from nim_demo\demo\AndroidManifest.xml:173:17-69
	android:name
		ADDED from nim_demo\demo\AndroidManifest.xml:173:25-66
category#android.intent.category.LAUNCHER
ADDED from nim_demo\demo\AndroidManifest.xml:175:17-77
	android:name
		ADDED from nim_demo\demo\AndroidManifest.xml:175:27-74
category#android.intent.category.MULTIWINDOW_LAUNCHER
ADDED from nim_demo\demo\AndroidManifest.xml:176:17-89
	android:name
		ADDED from nim_demo\demo\AndroidManifest.xml:176:27-86
activity#com.netease.nim.demo.main.activity.MainActivity
ADDED from nim_demo\demo\AndroidManifest.xml:181:9-188:64
	android:screenOrientation
		ADDED from nim_demo\demo\AndroidManifest.xml:186:13-49
	android:hardwareAccelerated
		ADDED from nim_demo\demo\AndroidManifest.xml:184:13-47
	android:launchMode
		ADDED from nim_demo\demo\AndroidManifest.xml:185:13-43
	android:windowSoftInputMode
		ADDED from nim_demo\demo\AndroidManifest.xml:188:13-52
	android:configChanges
		ADDED from nim_demo\demo\AndroidManifest.xml:183:13-63
	android:theme
		ADDED from nim_demo\demo\AndroidManifest.xml:187:13-56
	android:name
		ADDED from nim_demo\demo\AndroidManifest.xml:182:13-55
activity#com.netease.nim.demo.main.activity.MultiportActivity
ADDED from nim_demo\demo\AndroidManifest.xml:191:9-196:79
	android:screenOrientation
		ADDED from nim_demo\demo\AndroidManifest.xml:194:13-49
	android:windowSoftInputMode
		ADDED from nim_demo\demo\AndroidManifest.xml:196:13-67
	android:configChanges
		ADDED from nim_demo\demo\AndroidManifest.xml:193:13-63
	android:theme
		ADDED from nim_demo\demo\AndroidManifest.xml:195:13-56
	android:name
		ADDED from nim_demo\demo\AndroidManifest.xml:192:13-60
activity#com.netease.nim.demo.login.LoginActivity
ADDED from nim_demo\demo\AndroidManifest.xml:199:9-205:70
	android:screenOrientation
		ADDED from nim_demo\demo\AndroidManifest.xml:203:13-49
	android:label
		ADDED from nim_demo\demo\AndroidManifest.xml:202:13-42
	android:windowSoftInputMode
		ADDED from nim_demo\demo\AndroidManifest.xml:205:13-67
	android:configChanges
		ADDED from nim_demo\demo\AndroidManifest.xml:201:13-48
	android:theme
		ADDED from nim_demo\demo\AndroidManifest.xml:204:13-46
	android:name
		ADDED from nim_demo\demo\AndroidManifest.xml:200:13-48
activity#com.netease.nim.demo.main.activity.AboutActivity
ADDED from nim_demo\demo\AndroidManifest.xml:208:9-214:75
	android:screenOrientation
		ADDED from nim_demo\demo\AndroidManifest.xml:212:13-49
	android:label
		ADDED from nim_demo\demo\AndroidManifest.xml:211:13-42
	android:windowSoftInputMode
		ADDED from nim_demo\demo\AndroidManifest.xml:214:13-72
	android:configChanges
		ADDED from nim_demo\demo\AndroidManifest.xml:210:13-48
	android:theme
		ADDED from nim_demo\demo\AndroidManifest.xml:213:13-56
	android:name
		ADDED from nim_demo\demo\AndroidManifest.xml:209:13-56
activity#com.netease.nim.demo.main.activity.SettingsActivity
ADDED from nim_demo\demo\AndroidManifest.xml:216:9-221:63
	android:screenOrientation
		ADDED from nim_demo\demo\AndroidManifest.xml:219:13-49
	android:windowSoftInputMode
		ADDED from nim_demo\demo\AndroidManifest.xml:221:13-60
	android:configChanges
		ADDED from nim_demo\demo\AndroidManifest.xml:218:13-48
	android:theme
		ADDED from nim_demo\demo\AndroidManifest.xml:220:13-56
	android:name
		ADDED from nim_demo\demo\AndroidManifest.xml:217:13-59
activity#com.netease.nim.demo.main.activity.NoDisturbActivity
ADDED from nim_demo\demo\AndroidManifest.xml:223:9-228:75
	android:screenOrientation
		ADDED from nim_demo\demo\AndroidManifest.xml:226:13-49
	android:windowSoftInputMode
		ADDED from nim_demo\demo\AndroidManifest.xml:228:13-72
	android:configChanges
		ADDED from nim_demo\demo\AndroidManifest.xml:225:13-48
	android:theme
		ADDED from nim_demo\demo\AndroidManifest.xml:227:13-56
	android:name
		ADDED from nim_demo\demo\AndroidManifest.xml:224:13-60
activity#com.netease.nim.demo.contact.activity.AddFriendActivity
ADDED from nim_demo\demo\AndroidManifest.xml:230:9-235:75
	android:screenOrientation
		ADDED from nim_demo\demo\AndroidManifest.xml:233:13-49
	android:windowSoftInputMode
		ADDED from nim_demo\demo\AndroidManifest.xml:235:13-72
	android:configChanges
		ADDED from nim_demo\demo\AndroidManifest.xml:232:13-48
	android:theme
		ADDED from nim_demo\demo\AndroidManifest.xml:234:13-56
	android:name
		ADDED from nim_demo\demo\AndroidManifest.xml:231:13-63
activity#com.netease.nim.demo.contact.activity.UserProfileActivity
ADDED from nim_demo\demo\AndroidManifest.xml:237:9-242:75
	android:screenOrientation
		ADDED from nim_demo\demo\AndroidManifest.xml:240:13-49
	android:windowSoftInputMode
		ADDED from nim_demo\demo\AndroidManifest.xml:242:13-72
	android:configChanges
		ADDED from nim_demo\demo\AndroidManifest.xml:239:13-48
	android:theme
		ADDED from nim_demo\demo\AndroidManifest.xml:241:13-56
	android:name
		ADDED from nim_demo\demo\AndroidManifest.xml:238:13-65
activity#com.netease.nim.demo.contact.activity.UserProfileSettingActivity
ADDED from nim_demo\demo\AndroidManifest.xml:244:9-249:75
	android:screenOrientation
		ADDED from nim_demo\demo\AndroidManifest.xml:247:13-49
	android:windowSoftInputMode
		ADDED from nim_demo\demo\AndroidManifest.xml:249:13-72
	android:configChanges
		ADDED from nim_demo\demo\AndroidManifest.xml:246:13-48
	android:theme
		ADDED from nim_demo\demo\AndroidManifest.xml:248:13-56
	android:name
		ADDED from nim_demo\demo\AndroidManifest.xml:245:13-72
activity#com.netease.nim.demo.contact.activity.UserProfileEditItemActivity
ADDED from nim_demo\demo\AndroidManifest.xml:251:9-256:75
	android:screenOrientation
		ADDED from nim_demo\demo\AndroidManifest.xml:254:13-49
	android:windowSoftInputMode
		ADDED from nim_demo\demo\AndroidManifest.xml:256:13-72
	android:configChanges
		ADDED from nim_demo\demo\AndroidManifest.xml:253:13-48
	android:theme
		ADDED from nim_demo\demo\AndroidManifest.xml:255:13-56
	android:name
		ADDED from nim_demo\demo\AndroidManifest.xml:252:13-73
activity#com.netease.nim.demo.contact.activity.BlackListActivity
ADDED from nim_demo\demo\AndroidManifest.xml:258:9-263:75
	android:screenOrientation
		ADDED from nim_demo\demo\AndroidManifest.xml:261:13-49
	android:windowSoftInputMode
		ADDED from nim_demo\demo\AndroidManifest.xml:263:13-72
	android:configChanges
		ADDED from nim_demo\demo\AndroidManifest.xml:260:13-48
	android:theme
		ADDED from nim_demo\demo\AndroidManifest.xml:262:13-56
	android:name
		ADDED from nim_demo\demo\AndroidManifest.xml:259:13-63
activity#com.netease.nim.demo.file.browser.FileBrowserActivity
ADDED from nim_demo\demo\AndroidManifest.xml:266:9-272:75
	android:screenOrientation
		ADDED from nim_demo\demo\AndroidManifest.xml:270:13-49
	android:label
		ADDED from nim_demo\demo\AndroidManifest.xml:269:13-49
	android:windowSoftInputMode
		ADDED from nim_demo\demo\AndroidManifest.xml:272:13-72
	android:configChanges
		ADDED from nim_demo\demo\AndroidManifest.xml:268:13-48
	android:theme
		ADDED from nim_demo\demo\AndroidManifest.xml:271:13-56
	android:name
		ADDED from nim_demo\demo\AndroidManifest.xml:267:13-61
activity#com.netease.nim.demo.main.activity.SystemMessageActivity
ADDED from nim_demo\demo\AndroidManifest.xml:274:9-279:70
	android:screenOrientation
		ADDED from nim_demo\demo\AndroidManifest.xml:277:13-49
	android:windowSoftInputMode
		ADDED from nim_demo\demo\AndroidManifest.xml:279:13-67
	android:configChanges
		ADDED from nim_demo\demo\AndroidManifest.xml:276:13-63
	android:theme
		ADDED from nim_demo\demo\AndroidManifest.xml:278:13-56
	android:name
		ADDED from nim_demo\demo\AndroidManifest.xml:275:13-64
activity#com.netease.nim.demo.main.activity.CustomNotificationActivity
ADDED from nim_demo\demo\AndroidManifest.xml:280:9-285:70
	android:screenOrientation
		ADDED from nim_demo\demo\AndroidManifest.xml:283:13-49
	android:windowSoftInputMode
		ADDED from nim_demo\demo\AndroidManifest.xml:285:13-67
	android:configChanges
		ADDED from nim_demo\demo\AndroidManifest.xml:282:13-63
	android:theme
		ADDED from nim_demo\demo\AndroidManifest.xml:284:13-56
	android:name
		ADDED from nim_demo\demo\AndroidManifest.xml:281:13-69
activity#com.netease.nim.demo.session.activity.MessageHistoryActivity
ADDED from nim_demo\demo\AndroidManifest.xml:286:9-291:70
	android:screenOrientation
		ADDED from nim_demo\demo\AndroidManifest.xml:289:13-49
	android:windowSoftInputMode
		ADDED from nim_demo\demo\AndroidManifest.xml:291:13-67
	android:configChanges
		ADDED from nim_demo\demo\AndroidManifest.xml:288:13-63
	android:theme
		ADDED from nim_demo\demo\AndroidManifest.xml:290:13-56
	android:name
		ADDED from nim_demo\demo\AndroidManifest.xml:287:13-68
activity#com.netease.nim.demo.session.activity.MessageInfoActivity
ADDED from nim_demo\demo\AndroidManifest.xml:292:9-297:70
	android:screenOrientation
		ADDED from nim_demo\demo\AndroidManifest.xml:295:13-49
	android:windowSoftInputMode
		ADDED from nim_demo\demo\AndroidManifest.xml:297:13-67
	android:configChanges
		ADDED from nim_demo\demo\AndroidManifest.xml:294:13-63
	android:theme
		ADDED from nim_demo\demo\AndroidManifest.xml:296:13-56
	android:name
		ADDED from nim_demo\demo\AndroidManifest.xml:293:13-65
activity#com.netease.nim.demo.team.activity.AdvancedTeamSearchActivity
ADDED from nim_demo\demo\AndroidManifest.xml:299:9-304:70
	android:screenOrientation
		ADDED from nim_demo\demo\AndroidManifest.xml:302:13-49
	android:windowSoftInputMode
		ADDED from nim_demo\demo\AndroidManifest.xml:304:13-67
	android:configChanges
		ADDED from nim_demo\demo\AndroidManifest.xml:301:13-63
	android:theme
		ADDED from nim_demo\demo\AndroidManifest.xml:303:13-56
	android:name
		ADDED from nim_demo\demo\AndroidManifest.xml:300:13-69
activity#com.netease.nim.demo.team.activity.AdvancedTeamJoinActivity
ADDED from nim_demo\demo\AndroidManifest.xml:306:9-311:70
	android:screenOrientation
		ADDED from nim_demo\demo\AndroidManifest.xml:309:13-49
	android:windowSoftInputMode
		ADDED from nim_demo\demo\AndroidManifest.xml:311:13-67
	android:configChanges
		ADDED from nim_demo\demo\AndroidManifest.xml:308:13-63
	android:theme
		ADDED from nim_demo\demo\AndroidManifest.xml:310:13-56
	android:name
		ADDED from nim_demo\demo\AndroidManifest.xml:307:13-67
activity#com.netease.nim.demo.main.activity.TeamListActivity
ADDED from nim_demo\demo\AndroidManifest.xml:313:9-318:67
	android:screenOrientation
		ADDED from nim_demo\demo\AndroidManifest.xml:316:13-49
	android:windowSoftInputMode
		ADDED from nim_demo\demo\AndroidManifest.xml:318:13-64
	android:configChanges
		ADDED from nim_demo\demo\AndroidManifest.xml:315:13-63
	android:theme
		ADDED from nim_demo\demo\AndroidManifest.xml:317:13-56
	android:name
		ADDED from nim_demo\demo\AndroidManifest.xml:314:13-59
activity#com.netease.nim.demo.main.activity.GlobalSearchActivity
ADDED from nim_demo\demo\AndroidManifest.xml:321:9-326:71
	android:screenOrientation
		ADDED from nim_demo\demo\AndroidManifest.xml:324:13-49
	android:windowSoftInputMode
		ADDED from nim_demo\demo\AndroidManifest.xml:326:13-59
	android:configChanges
		ADDED from nim_demo\demo\AndroidManifest.xml:323:13-63
	android:theme
		ADDED from nim_demo\demo\AndroidManifest.xml:325:13-52
	android:name
		ADDED from nim_demo\demo\AndroidManifest.xml:322:13-63
activity#com.netease.nim.demo.session.activity.WatchSnapChatPictureActivity
ADDED from nim_demo\demo\AndroidManifest.xml:329:9-332:59
	android:configChanges
		ADDED from nim_demo\demo\AndroidManifest.xml:331:13-51
	android:theme
		ADDED from nim_demo\demo\AndroidManifest.xml:332:13-56
	android:name
		ADDED from nim_demo\demo\AndroidManifest.xml:330:13-74
activity#com.netease.nim.demo.location.activity.LocationAmapActivity
ADDED from nim_demo\demo\AndroidManifest.xml:334:9-339:59
	android:screenOrientation
		ADDED from nim_demo\demo\AndroidManifest.xml:338:13-49
	android:label
		ADDED from nim_demo\demo\AndroidManifest.xml:337:13-49
	android:configChanges
		ADDED from nim_demo\demo\AndroidManifest.xml:336:13-63
	android:theme
		ADDED from nim_demo\demo\AndroidManifest.xml:339:13-56
	android:name
		ADDED from nim_demo\demo\AndroidManifest.xml:335:13-67
activity#com.netease.nim.demo.location.activity.NavigationAmapActivity
ADDED from nim_demo\demo\AndroidManifest.xml:340:9-345:59
	android:screenOrientation
		ADDED from nim_demo\demo\AndroidManifest.xml:344:13-49
	android:label
		ADDED from nim_demo\demo\AndroidManifest.xml:343:13-54
	android:configChanges
		ADDED from nim_demo\demo\AndroidManifest.xml:342:13-63
	android:theme
		ADDED from nim_demo\demo\AndroidManifest.xml:345:13-56
	android:name
		ADDED from nim_demo\demo\AndroidManifest.xml:341:13-69
activity#com.netease.nim.demo.avchat.activity.AVChatActivity
ADDED from nim_demo\demo\AndroidManifest.xml:348:9-353:63
	android:screenOrientation
		ADDED from nim_demo\demo\AndroidManifest.xml:351:13-49
	android:launchMode
		ADDED from nim_demo\demo\AndroidManifest.xml:350:13-48
	android:windowSoftInputMode
		ADDED from nim_demo\demo\AndroidManifest.xml:353:13-60
	android:theme
		ADDED from nim_demo\demo\AndroidManifest.xml:352:13-51
	android:name
		ADDED from nim_demo\demo\AndroidManifest.xml:349:13-59
activity#com.netease.nim.demo.rts.activity.RTSActivity
ADDED from nim_demo\demo\AndroidManifest.xml:356:9-361:63
	android:screenOrientation
		ADDED from nim_demo\demo\AndroidManifest.xml:359:13-49
	android:launchMode
		ADDED from nim_demo\demo\AndroidManifest.xml:358:13-48
	android:windowSoftInputMode
		ADDED from nim_demo\demo\AndroidManifest.xml:361:13-60
	android:theme
		ADDED from nim_demo\demo\AndroidManifest.xml:360:13-56
	android:name
		ADDED from nim_demo\demo\AndroidManifest.xml:357:13-53
activity#com.netease.nim.demo.session.search.SearchMessageActivity
ADDED from nim_demo\demo\AndroidManifest.xml:364:9-369:72
	android:screenOrientation
		ADDED from nim_demo\demo\AndroidManifest.xml:367:13-49
	android:windowSoftInputMode
		ADDED from nim_demo\demo\AndroidManifest.xml:369:13-69
	android:configChanges
		ADDED from nim_demo\demo\AndroidManifest.xml:366:13-63
	android:theme
		ADDED from nim_demo\demo\AndroidManifest.xml:368:13-52
	android:name
		ADDED from nim_demo\demo\AndroidManifest.xml:365:13-65
activity#com.netease.nim.demo.session.search.DisplayMessageActivity
ADDED from nim_demo\demo\AndroidManifest.xml:371:9-376:70
	android:screenOrientation
		ADDED from nim_demo\demo\AndroidManifest.xml:374:13-49
	android:windowSoftInputMode
		ADDED from nim_demo\demo\AndroidManifest.xml:376:13-67
	android:configChanges
		ADDED from nim_demo\demo\AndroidManifest.xml:373:13-63
	android:theme
		ADDED from nim_demo\demo\AndroidManifest.xml:375:13-56